2019-11-15 19:43:05,416 - INFO - ---------------------------------------------------
2019-11-15 19:43:05,416 - INFO - ----------- Starting indexing process      --------
2019-11-15 19:43:05,416 - INFO - -- files path: /home/mgazzola/Documents/instructivos
2019-11-15 19:43:05,416 - INFO - ----------------------------------------------------
2019-11-15 19:43:05,447 - INFO - Indexing file: MANUAL DE OPERACIONES WSRR v.1.docx
2019-11-15 19:43:05,468 - INFO - Indexing file: Microservices from Theory to practice - ibm cloud .pdf
2019-11-15 19:43:09,499 - INFO - Indexing file: Maximizing Java Performance on AIX- Part 5- References and Conclusion.pdf
2019-11-15 19:43:30,486 - INFO - Indexing file: Deployment Policies in WebSphere DataPower.pdf
2019-11-15 19:43:30,752 - INFO - Indexing file: HOJA DE DATOS_WSP_RIN_ARGS(1).docx
2019-11-15 19:43:30,761 - INFO - Indexing file: Maximizing Java performance on AIX- Part 2- The need for speed.pdf
2019-11-15 19:44:02,119 - INFO - Indexing file: Tips Aristi.txt
2019-11-15 19:44:02,180 - INFO - Indexing file: PTR_continuidad_banismo_v2.docx
2019-11-15 19:44:02,246 - INFO - Indexing file: IBM i overview and concepts.pdf
2019-11-15 19:44:02,988 - INFO - Indexing file: PTR_continuidad_banismo(1).docx
2019-11-15 19:44:03,040 - INFO - Indexing file: TIPS-BROKER-MQ.txt
2019-11-15 19:44:03,134 - INFO - Indexing file: Reinicio de Intermedia.docx
2019-11-15 19:44:03,149 - INFO - Indexing file: mq ssl.pdf
2019-11-15 19:44:05,988 - INFO - Indexing file: PTR_ACT - LDAP - Subir servicios WAS sbbanbld01v .docx
2019-11-15 19:44:06,049 - INFO - Indexing file: Java Keytool Commands.pdf
2019-11-15 19:44:06,104 - INFO - Indexing file: WebSphere MessageBroker Basics.pdf
2019-11-15 19:44:11,235 - INFO - Indexing file: Bibliotecas Compartidas.docx
2019-11-15 19:44:11,262 - INFO - Indexing file: Archivos_Configuracion_y_Log.docx
2019-11-15 19:44:11,274 - INFO - Indexing file: kmquserguide700.pdf
2019-11-15 19:44:22,061 - INFO - Indexing file: MANUAL_INSTALACION_REGISTRY75 .pdf
2019-11-15 19:44:22,429 - INFO - Indexing file: Diseño Areas Infraestructura SVP.docx
2019-11-15 19:44:22,491 - INFO - Indexing file: SAS ALM REINICIO SERVICIOS AML APP - PRODUCCION.txt
2019-11-15 19:44:22,525 - INFO - Indexing file: INSTRUCTIVO PARA REINICIOS DE WPS.pdf
2019-11-15 19:44:22,628 - INFO - Indexing file: WebSphere MQ Primer.pdf
2019-11-15 19:44:24,330 - INFO - Indexing file: message broker basics v6.pdf
2019-11-15 19:44:29,138 - INFO - Indexing file: IBM i _WorkManagement.pdf
2019-11-15 19:44:29,863 - INFO - Indexing file: Datos ECM - Arquitectura PSeries.docx
2019-11-15 19:44:29,938 - INFO - Indexing file: IBM TransferSkills Presentation WAS8.5.pdf
2019-11-15 19:44:30,480 - INFO - Indexing file: Datos ECM - Arquitectura Windows.docx
2019-11-15 19:44:30,486 - INFO - Indexing file: INSTRUCTIVO PARA REINICIOS DE WBM.pdf
2019-11-15 19:44:30,583 - INFO - Indexing file: WSTE.2012.12.04.Travis.Holtzhauser.Top.Five.Performance.Topics.pdf
2019-11-15 19:44:31,254 - INFO - Indexing file: WebSphere_IO_Performance.pdf
2019-11-15 19:44:33,150 - INFO - Indexing file: INSTRUCTIVO PARA REVISION DE ERRORES EN WPS - WBM.pdf
2019-11-15 19:44:33,549 - INFO - Indexing file: Pasos Instalacion TLSv1-2 RSA.docx
2019-11-15 19:44:33,558 - INFO - Indexing file: EJECUCIÓN DE OC.pdf
2019-11-15 19:44:33,713 - INFO - Indexing file: MANUAL_DE_OPERACIONES.docx
2019-11-15 19:44:33,912 - INFO - Indexing file: broker.pdf
2019-11-15 19:44:38,975 - INFO - Indexing file: websphere mq primer.pdf
2019-11-15 19:44:40,585 - INFO - Indexing file: MQClusterBancolombia.pdf
2019-11-15 19:44:40,643 - INFO - Indexing file: S12606 Clustering.pdf
2019-11-15 19:44:54,903 - INFO - Indexing file: log file eliminado en active Error al subir el Gestor PCOLQMGRHIP01.pdf
2019-11-15 19:44:54,953 - INFO - Indexing file: Procedimiento Revisar Errores MQ y Broker.pdf
2019-11-15 19:44:55,312 - INFO - Indexing file: Configuración Activation specifications.docx
2019-11-15 19:44:55,339 - INFO - Indexing file: aix tunning.pdf
2019-11-15 19:45:08,464 - INFO - Indexing file: test.docx
2019-11-15 19:45:08,481 - INFO - Indexing file: test.txt
2019-11-15 19:45:08,482 - INFO - Indexing file: RH413-RHEL6 4-en-1-20130729.pdf.pdf
2019-11-15 19:45:20,051 - INFO - Indexing file: RH124-RHEL6 3-en-3-20121001.pdf.pdf
2019-11-15 19:45:34,468 - INFO - Indexing file: RH254-RHEL7-en-1-20140711.pdf
2019-11-15 19:45:53,629 - INFO - Indexing file: RH124-RHEL7-en-1-20140606.pdf
2019-11-15 19:46:09,286 - INFO - Indexing file: RH134-RHEL7-en-1-20140610.pdf
2019-11-15 19:46:21,637 - INFO - Indexing file: RH135-RHEL6 3-en-3-20121001.pdf.pdf
2019-11-15 19:46:34,727 - INFO - Indexing file: RH255-RHEL6 3-en-3-20121001.pdf.pdf
2019-11-15 19:46:45,789 - INFO - Indexing file: ManualAdministracion_PortalBanistmo_v1.0.pdf
2019-11-15 19:46:46,075 - INFO - Indexing file: ManualAdministracion_PortalBanistmo_v1.2.pdf
2019-11-15 19:46:46,370 - INFO - Indexing file: portal.txt
2019-11-15 19:46:46,384 - INFO - Indexing file: Reinicio Gestor.pdf
2019-11-15 19:46:46,460 - INFO - Indexing file: ConfigurarPutty_BeyondTrust.pdf
2019-11-15 19:46:46,478 - INFO - Indexing file: Instalacion_WinScp.docx
2019-11-15 19:46:46,507 - INFO - Indexing file: ConfigurarPutty.txt
2019-11-15 19:46:46,514 - INFO - Indexing file: Manual Usuario_PasswordSafe.pdf
2019-11-15 19:46:48,240 - INFO - Indexing file: perfiles.comandos.txt
2019-11-15 19:46:48,254 - INFO - Indexing file: PTR_switch_servicios.docx
2019-11-15 19:46:48,321 - INFO - Indexing file: was-Asegurar Consola WAS contra ambientesBC.pdf
2019-11-15 19:46:48,465 - INFO - Indexing file: liberty.profile.tips1314.pdf
2019-11-15 19:46:49,395 - INFO - Indexing file: WebSphere Application Server V8 - Security Concepts.pdf
2019-11-15 19:46:50,263 - INFO - Indexing file: pass.txt
2019-11-15 19:46:50,264 - INFO - Indexing file: Java Garbage Collection Tuning.pdf
2019-11-15 19:46:52,285 - INFO - Indexing file: was load balancer.pdf
2019-11-15 19:46:53,017 - INFO - Indexing file: Garbage collection in WebSphere Application Server part1.pdf
2019-11-15 19:46:53,282 - INFO - Indexing file: Manual_Menu_iSeries.docx
2019-11-15 19:46:53,328 - INFO - Indexing file: WSTEPluginLb3.pdf
2019-11-15 19:46:54,127 - INFO - Indexing file: liberty.profile.sg248170.pdf
2019-11-15 19:47:01,503 - INFO - Indexing file: WSTE_09_10_08_Paramkusham_Bhalodia.pdf
2019-11-15 19:47:02,098 - INFO - Indexing file: WAS_Performance_Cookbook.pdf
2019-11-15 19:47:25,570 - INFO - Indexing file: Actualizar_certificado_celda_WAS(1).pdf
2019-11-15 19:47:25,849 - INFO - Indexing file: IBM WebSphere ApplicationServer V8 Concepts,Planning, and Design Guide.pdf
2019-11-15 19:47:46,064 - INFO - Indexing file: WAS - TCP-IP Tutorial andTechnical Overview - gg243376.pdf
2019-11-15 19:48:09,351 - INFO - Indexing file: Actualizar_certificado_celda_WAS.docx
2019-11-15 19:48:09,413 - INFO - Indexing file: WAS8.5 Troubleshooting.pdf
2019-11-15 19:48:09,711 - INFO - Indexing file: wa8551-va8551xstud - Protected.pdf
2019-11-15 19:49:02,309 - INFO -  --------- Initiating CLI ----------
2019-11-15 19:49:05,054 - INFO - criteria: caballero
2019-11-15 19:49:05,054 - DEBUG - performing search with criteria: caballero
2019-11-15 19:49:05,073 - DEBUG - results found: 0
2019-11-15 19:49:05,073 - INFO - hists: 0
2019-11-15 19:52:08,637 - INFO - ---------------------------------------------------
2019-11-15 19:52:08,637 - INFO - ----------- Starting indexing process      --------
2019-11-15 19:52:08,637 - INFO - -- files path: /home/mgazzola/Documents/instructivos
2019-11-15 19:52:08,637 - INFO - ----------------------------------------------------
2019-11-15 19:52:08,677 - INFO - Indexing file: MANUAL DE OPERACIONES WSRR v.1.docx
2019-11-15 19:52:08,746 - INFO - Indexing file: Microservices from Theory to practice - ibm cloud .pdf
2019-11-15 19:53:02,180 - INFO - ---------------------------------------------------
2019-11-15 19:53:02,181 - INFO - ----------- Starting indexing process      --------
2019-11-15 19:53:02,181 - INFO - -- files path: /home/mgazzola/Documents/instructivos
2019-11-15 19:53:02,181 - INFO - ----------------------------------------------------
2019-11-15 19:53:02,228 - INFO - Indexing file: MANUAL DE OPERACIONES WSRR v.1.docx
2019-11-15 19:53:02,301 - INFO - Indexing file: Microservices from Theory to practice - ibm cloud .pdf
2019-11-15 19:53:07,946 - INFO - Indexing file: Maximizing Java Performance on AIX- Part 5- References and Conclusion.pdf
2019-11-15 19:53:34,697 - INFO - Indexing file: Deployment Policies in WebSphere DataPower.pdf
2019-11-15 19:53:35,053 - INFO - Indexing file: HOJA DE DATOS_WSP_RIN_ARGS(1).docx
2019-11-15 19:53:35,068 - INFO - Indexing file: Maximizing Java performance on AIX- Part 2- The need for speed.pdf
2019-11-15 19:54:08,476 - INFO - Indexing file: Tips Aristi.txt
2019-11-15 19:54:08,590 - INFO - Indexing file: PTR_continuidad_banismo_v2.docx
2019-11-15 19:54:08,683 - INFO - Indexing file: IBM i overview and concepts.pdf
2019-11-15 19:54:09,513 - INFO - Indexing file: PTR_continuidad_banismo(1).docx
2019-11-15 19:54:09,595 - INFO - Indexing file: TIPS-BROKER-MQ.txt
2019-11-15 19:54:09,828 - INFO - Indexing file: Reinicio de Intermedia.docx
2019-11-15 19:54:09,867 - INFO - Indexing file: mq ssl.pdf
2019-11-15 19:54:12,824 - INFO - Indexing file: PTR_ACT - LDAP - Subir servicios WAS sbbanbld01v .docx
2019-11-15 19:54:14,352 - INFO - Indexing file: Java Keytool Commands.pdf
2019-11-15 19:54:14,421 - INFO - Indexing file: WebSphere MessageBroker Basics.pdf
2019-11-15 19:54:20,303 - INFO - Indexing file: Bibliotecas Compartidas.docx
2019-11-15 19:54:20,357 - INFO - Indexing file: Archivos_Configuracion_y_Log.docx
2019-11-15 19:54:20,390 - INFO - Indexing file: kmquserguide700.pdf
2019-11-15 19:54:29,852 - INFO - Indexing file: MANUAL_INSTALACION_REGISTRY75 .pdf
2019-11-15 19:54:30,333 - INFO - Indexing file: Diseño Areas Infraestructura SVP.docx
2019-11-15 19:54:30,429 - INFO - Indexing file: SAS ALM REINICIO SERVICIOS AML APP - PRODUCCION.txt
2019-11-15 19:54:30,545 - INFO - Indexing file: INSTRUCTIVO PARA REINICIOS DE WPS.pdf
2019-11-15 19:54:30,680 - INFO - Indexing file: WebSphere MQ Primer.pdf
2019-11-15 19:54:32,465 - INFO - Indexing file: message broker basics v6.pdf
2019-11-15 19:54:38,514 - INFO - Indexing file: IBM i _WorkManagement.pdf
2019-11-15 19:54:39,198 - INFO - Indexing file: Datos ECM - Arquitectura PSeries.docx
2019-11-15 19:54:39,568 - INFO - Indexing file: IBM TransferSkills Presentation WAS8.5.pdf
2019-11-15 19:54:40,184 - INFO - Indexing file: Datos ECM - Arquitectura Windows.docx
2019-11-15 19:54:40,193 - INFO - Indexing file: INSTRUCTIVO PARA REINICIOS DE WBM.pdf
2019-11-15 19:54:40,317 - INFO - Indexing file: WSTE.2012.12.04.Travis.Holtzhauser.Top.Five.Performance.Topics.pdf
2019-11-15 19:54:41,077 - INFO - Indexing file: WebSphere_IO_Performance.pdf
2019-11-15 19:54:43,607 - INFO - Indexing file: INSTRUCTIVO PARA REVISION DE ERRORES EN WPS - WBM.pdf
2019-11-15 19:54:44,085 - INFO - Indexing file: Pasos Instalacion TLSv1-2 RSA.docx
2019-11-15 19:54:44,109 - INFO - Indexing file: EJECUCIÓN DE OC.pdf
2019-11-15 19:54:48,978 - INFO - Indexing file: MANUAL_DE_OPERACIONES.docx
2019-11-15 19:54:49,241 - INFO - Indexing file: broker.pdf
2019-11-15 19:54:54,884 - INFO - Indexing file: websphere mq primer.pdf
2019-11-15 19:54:56,712 - INFO - Indexing file: MQClusterBancolombia.pdf
2019-11-15 19:54:56,773 - INFO - Indexing file: S12606 Clustering.pdf
2019-11-15 19:55:11,718 - INFO - Indexing file: log file eliminado en active Error al subir el Gestor PCOLQMGRHIP01.pdf
2019-11-15 19:55:11,780 - INFO - Indexing file: Procedimiento Revisar Errores MQ y Broker.pdf
2019-11-15 19:55:12,172 - INFO - Indexing file: Configuración Activation specifications.docx
2019-11-15 19:55:12,225 - INFO - Indexing file: aix tunning.pdf
2019-11-15 19:55:26,962 - INFO - Indexing file: test.docx
2019-11-15 19:55:27,060 - INFO - Indexing file: test.txt
2019-11-15 19:55:27,072 - INFO - Indexing file: RH413-RHEL6 4-en-1-20130729.pdf.pdf
2019-11-15 19:55:39,702 - INFO - Indexing file: RH124-RHEL6 3-en-3-20121001.pdf.pdf
2019-11-15 19:55:54,430 - INFO - Indexing file: RH254-RHEL7-en-1-20140711.pdf
2019-11-15 19:56:11,152 - INFO - Indexing file: RH124-RHEL7-en-1-20140606.pdf
2019-11-15 19:56:27,000 - INFO - Indexing file: RH134-RHEL7-en-1-20140610.pdf
2019-11-15 19:56:38,048 - INFO - Indexing file: RH135-RHEL6 3-en-3-20121001.pdf.pdf
2019-11-15 19:56:49,007 - INFO - Indexing file: RH255-RHEL6 3-en-3-20121001.pdf.pdf
2019-11-15 19:57:00,891 - INFO - Indexing file: ManualAdministracion_PortalBanistmo_v1.0.pdf
2019-11-15 19:57:01,208 - INFO - Indexing file: ManualAdministracion_PortalBanistmo_v1.2.pdf
2019-11-15 19:57:01,560 - INFO - Indexing file: portal.txt
2019-11-15 19:57:07,993 - INFO - Indexing file: Reinicio Gestor.pdf
2019-11-15 19:57:08,101 - INFO - Indexing file: ConfigurarPutty_BeyondTrust.pdf
2019-11-15 19:57:08,135 - INFO - Indexing file: Instalacion_WinScp.docx
2019-11-15 19:57:08,176 - INFO - Indexing file: ConfigurarPutty.txt
2019-11-15 19:57:08,205 - INFO - Indexing file: Manual Usuario_PasswordSafe.pdf
2019-11-15 19:57:09,832 - INFO - Indexing file: perfiles.comandos.txt
2019-11-15 19:57:09,884 - INFO - Indexing file: PTR_switch_servicios.docx
2019-11-15 19:57:10,008 - INFO - Indexing file: was-Asegurar Consola WAS contra ambientesBC.pdf
2019-11-15 19:57:10,191 - INFO - Indexing file: liberty.profile.tips1314.pdf
2019-11-15 19:57:11,029 - INFO - Indexing file: WebSphere Application Server V8 - Security Concepts.pdf
2019-11-15 19:57:12,170 - INFO - Indexing file: pass.txt
2019-11-15 19:57:12,181 - INFO - Indexing file: Java Garbage Collection Tuning.pdf
2019-11-15 19:57:14,107 - INFO - Indexing file: was load balancer.pdf
2019-11-15 19:57:14,939 - INFO - Indexing file: Garbage collection in WebSphere Application Server part1.pdf
2019-11-15 19:57:15,213 - INFO - Indexing file: Manual_Menu_iSeries.docx
2019-11-15 19:57:15,295 - INFO - Indexing file: WSTEPluginLb3.pdf
2019-11-15 19:57:16,076 - INFO - Indexing file: liberty.profile.sg248170.pdf
2019-11-15 19:57:22,714 - INFO - Indexing file: WSTE_09_10_08_Paramkusham_Bhalodia.pdf
2019-11-15 19:57:23,321 - INFO - Indexing file: WAS_Performance_Cookbook.pdf
2019-11-15 19:57:47,853 - INFO - Indexing file: Actualizar_certificado_celda_WAS(1).pdf
2019-11-15 19:57:48,155 - INFO - Indexing file: IBM WebSphere ApplicationServer V8 Concepts,Planning, and Design Guide.pdf
2019-11-15 19:58:11,756 - INFO - Indexing file: WAS - TCP-IP Tutorial andTechnical Overview - gg243376.pdf
2019-11-15 19:58:33,057 - INFO - Indexing file: Actualizar_certificado_celda_WAS.docx
2019-11-15 19:58:33,143 - INFO - Indexing file: WAS8.5 Troubleshooting.pdf
2019-11-15 19:58:44,196 - INFO - Indexing file: wa8551-va8551xstud - Protected.pdf
2019-11-15 20:00:01,705 - INFO -  --------- Initiating CLI ----------
2019-11-15 20:00:02,581 - INFO - criteria: was
2019-11-15 20:00:02,581 - DEBUG - performing search with criteria: was
2019-11-15 20:00:02,795 - DEBUG - results found: 10
2019-11-15 20:00:02,798 - INFO - hists: 10
2019-11-15 20:00:08,277 - INFO - Indexing file: WAS - TCP-IP Tutorial andTechnical Overview - gg243376.pdf
2019-11-15 20:00:26,301 - INFO -  --------- Initiating CLI ----------
2019-11-15 20:00:28,293 - INFO - criteria: was
2019-11-15 20:00:28,294 - DEBUG - performing search with criteria: was
2019-11-15 20:00:28,376 - DEBUG - results found: 10
2019-11-15 20:00:28,377 - INFO - hists: 10
2019-11-15 20:00:35,589 - INFO - Indexing file: liberty.profile.sg248170.pdf
2019-11-15 20:00:54,950 - INFO - hists: 10
2019-11-15 20:00:58,038 - INFO - Indexing file: liberty.profile.sg248170.pdf
2019-11-15 20:01:16,358 - INFO - criteria: webpshere
2019-11-15 20:01:16,358 - DEBUG - performing search with criteria: webpshere
2019-11-15 20:01:16,398 - DEBUG - results found: 0
2019-11-15 20:01:16,400 - INFO - hists: 0
2019-11-15 20:01:23,526 - INFO - criteria: websphere
2019-11-15 20:01:23,526 - DEBUG - performing search with criteria: websphere
2019-11-15 20:01:23,591 - DEBUG - results found: 10
2019-11-15 20:01:23,592 - INFO - hists: 10
2019-11-15 20:01:41,366 - INFO - Indexing file: IBM WebSphere ApplicationServer V8 Concepts,Planning, and Design Guide.pdf
2019-11-15 20:02:43,127 - INFO - hists: 10
2019-11-15 20:02:46,215 - INFO - Indexing file: IBM WebSphere ApplicationServer V8 Concepts,Planning, and Design Guide.pdf
2019-11-15 20:06:32,955 - INFO -  --------- Initiating CLI ----------
2019-11-15 20:06:35,625 - INFO - criteria: websphere
2019-11-15 20:06:35,625 - DEBUG - performing search with criteria: websphere
2019-11-15 20:06:35,731 - DEBUG - results found: 10
2019-11-15 20:06:35,732 - INFO - hists: 10
2019-11-15 20:06:38,010 - INFO - Indexing file: IBM WebSphere ApplicationServer V8 Concepts,Planning, and Design Guide.pdf
2019-11-15 20:12:03,197 - INFO - criteria: mq
2019-11-15 20:12:03,200 - DEBUG - performing search with criteria: mq
2019-11-15 20:12:03,304 - DEBUG - results found: 10
2019-11-15 20:12:03,309 - INFO - hists: 10
2019-11-15 20:12:07,006 - INFO - Indexing file: WebSphere MessageBroker Basics.pdf
2019-11-15 20:14:44,038 - INFO -  --------- Initiating CLI ----------
2019-11-15 20:14:53,470 - INFO - criteria: queue
2019-11-15 20:14:53,470 - DEBUG - performing search with criteria: queue
2019-11-15 20:14:53,567 - DEBUG - results found: 10
2019-11-15 20:14:53,568 - INFO - hists: 10
2019-11-15 20:14:58,814 - INFO - Indexing file: kmquserguide700.pdf
2019-11-15 20:15:45,680 - INFO - hists: 10
2019-11-15 20:15:47,119 - INFO - Indexing file: broker.pdf
2019-11-15 20:19:48,293 - INFO -  --------- Initiating CLI ----------
2019-11-15 20:19:55,217 - INFO - criteria: server
2019-11-15 20:19:55,217 - DEBUG - performing search with criteria: server
2019-11-15 20:19:55,312 - DEBUG - results found: 10
2019-11-15 20:19:55,313 - INFO - hists: 10
2019-11-15 20:20:03,154 - INFO - Indexing file: IBM WebSphere ApplicationServer V8 Concepts,Planning, and Design Guide.pdf
2019-11-15 20:20:29,885 - INFO - hists: 10
2019-11-15 20:24:07,210 - INFO -  --------- Initiating CLI ----------
2019-11-15 20:24:16,644 - INFO - criteria: mq
2019-11-15 20:24:16,644 - DEBUG - performing search with criteria: mq
2019-11-15 20:24:16,757 - DEBUG - results found: 10
2019-11-15 20:24:16,758 - INFO - hists: 10
2019-11-15 20:24:20,548 - INFO - Indexing file: IBM WebSphere ApplicationServer V8 Concepts,Planning, and Design Guide.pdf
2019-11-15 20:24:42,956 - INFO - hists: 10
2019-11-15 20:29:52,552 - INFO - Indexing file: WebSphere MQ Primer.pdf
2019-11-15 20:30:11,384 - INFO - criteria: the
2019-11-15 20:30:11,384 - DEBUG - performing search with criteria: the
2019-11-15 20:30:11,485 - DEBUG - results found: 0
2019-11-15 20:30:11,485 - INFO - hists: 0
2019-11-15 20:30:17,544 - INFO - criteria: on
2019-11-15 20:30:17,544 - DEBUG - performing search with criteria: on
2019-11-15 20:30:17,585 - DEBUG - results found: 0
2019-11-15 20:30:17,586 - INFO - hists: 0
2019-11-15 20:30:19,368 - INFO - criteria: one
2019-11-15 20:30:19,368 - DEBUG - performing search with criteria: one
2019-11-15 20:30:19,417 - DEBUG - results found: 10
2019-11-15 20:30:19,418 - INFO - hists: 10
2019-11-15 20:30:32,760 - INFO - Indexing file: Microservices from Theory to practice - ibm cloud .pdf
2019-11-15 20:30:45,592 - INFO - criteria: ibm
2019-11-15 20:30:45,592 - DEBUG - performing search with criteria: ibm
2019-11-15 20:30:45,646 - DEBUG - results found: 10
2019-11-15 20:30:45,647 - INFO - hists: 10
2019-11-15 20:49:24,034 - INFO -  --------- Initiating CLI ----------
2019-11-15 20:49:29,108 - INFO - criteria: WebSphere
2019-11-15 20:49:29,109 - DEBUG - performing search with criteria: WebSphere
2019-11-15 20:49:29,265 - DEBUG - results found: 1877
2019-11-15 20:49:29,266 - INFO - hists: 1877
2019-11-16 15:28:57,413 - INFO -  --------- Initiating CLI ----------
2019-11-16 15:28:59,882 - INFO - criteria: mq
2019-11-16 15:28:59,882 - DEBUG - performing search with criteria: mq
2019-11-16 15:29:00,022 - DEBUG - results found: 429
2019-11-16 15:29:00,023 - INFO - hists: 429
2019-11-16 15:29:27,697 - INFO -  --------- Initiating CLI ----------
2019-11-16 15:29:29,962 - INFO - criteria: mq
2019-11-16 15:29:29,963 - DEBUG - performing search with criteria: mq
2019-11-16 15:29:30,038 - DEBUG - results found: 10
2019-11-16 15:29:30,039 - INFO - hists: 10
2019-11-16 15:29:36,587 - INFO - Indexing file: IBM WebSphere ApplicationServer V8 Concepts,Planning, and Design Guide.pdf
2019-11-16 15:29:52,331 - INFO - criteria: websphere
2019-11-16 15:29:52,331 - DEBUG - performing search with criteria: websphere
2019-11-16 15:29:52,398 - DEBUG - results found: 10
2019-11-16 15:29:52,399 - INFO - hists: 10
2019-11-16 15:29:56,235 - INFO - Indexing file: IBM WebSphere ApplicationServer V8 Concepts,Planning, and Design Guide.pdf
2019-11-16 15:30:07,035 - INFO - hists: 10
2019-11-16 15:30:11,036 - INFO - Indexing file: message broker basics v6.pdf
2019-11-16 15:33:32,670 - INFO -  --------- Initiating CLI ----------
2019-11-16 15:33:37,484 - INFO - criteria: websphere
2019-11-16 15:33:37,485 - DEBUG - performing search with criteria: websphere
2019-11-16 15:33:37,663 - DEBUG - results found: 10
2019-11-16 15:33:37,664 - INFO - hists: 10
2019-11-16 15:33:51,667 - INFO - Indexing file: message broker basics v6.pdf
2019-11-16 15:38:46,071 - INFO -  --------- Initiating CLI ----------
2019-11-16 15:38:50,563 - INFO - criteria: ESQL and the ESQL editor
2019-11-16 15:38:50,563 - DEBUG - performing search with criteria: ESQL and the ESQL editor
2019-11-16 15:38:50,704 - DEBUG - results found: 10
2019-11-16 15:38:50,705 - INFO - hists: 10
2019-11-16 15:39:11,778 - INFO - Indexing file: WebSphere MessageBroker Basics.pdf
2019-11-16 15:42:21,865 - INFO -  --------- Initiating CLI ----------
2019-11-16 15:42:33,556 - INFO - criteria: 4.1.3 ESQL and the ESQL editor
2019-11-16 15:42:33,557 - DEBUG - performing search with criteria: 4.1.3 ESQL and the ESQL editor
2019-11-16 15:42:33,688 - DEBUG - results found: 6
2019-11-16 15:42:33,690 - INFO - hists: 6
2019-11-16 15:42:47,524 - INFO - Indexing file: WebSphere MessageBroker Basics.pdf
2019-11-16 16:03:35,858 - INFO -  --------- Initiating CLI ----------
2019-11-16 16:03:38,927 - INFO - criteria: websphere
2019-11-16 16:03:38,927 - DEBUG - performing search with criteria: websphere
2019-11-16 16:03:39,043 - DEBUG - results found: 10
2019-11-16 16:03:39,044 - INFO - hists: 10
2019-11-16 16:03:41,951 - INFO - retrieving from file: message broker basics v6.pdf
2019-11-16 16:04:27,409 - INFO -  --------- Initiating CLI ----------
2019-11-16 16:04:29,711 - INFO - criteria: 4.1.3 ESQL and the ESQL editor
2019-11-16 16:04:29,712 - DEBUG - performing search with criteria: 4.1.3 ESQL and the ESQL editor
2019-11-16 16:04:29,814 - DEBUG - results found: 6
2019-11-16 16:04:29,815 - INFO - hists: 6
2019-11-16 16:04:32,255 - INFO - retrieving from file: WebSphere MessageBroker Basics.pdf
2019-11-16 16:04:35,935 - INFO - hists: 6
2019-11-16 16:04:38,656 - INFO - retrieving from file: message broker basics v6.pdf
2019-11-16 16:05:03,344 - INFO - hists: 6
2019-11-16 16:05:06,960 - INFO - retrieving from file: message broker basics v6.pdf
2019-11-16 16:22:05,382 - INFO -  --------- Initiating CLI ----------
2019-11-16 16:22:11,229 - INFO - criteria: 4.1.3 ESQL and the ESQL editor
2019-11-16 16:22:11,230 - DEBUG - performing search with criteria: 4.1.3 ESQL and the ESQL editor
2019-11-16 16:22:11,360 - DEBUG - results found: 6
2019-11-16 16:22:11,361 - INFO - hists: 6
2019-11-16 16:22:28,638 - INFO - retrieving from file: WebSphere MessageBroker Basics.pdf
2019-11-16 16:23:21,010 - INFO -  --------- Initiating CLI ----------
2019-11-16 16:23:23,553 - INFO - criteria: 4.1.3 ESQL and the ESQL editor
2019-11-16 16:23:23,554 - DEBUG - performing search with criteria: 4.1.3 ESQL and the ESQL editor
2019-11-16 16:23:23,683 - DEBUG - results found: 6
2019-11-16 16:23:23,684 - INFO - hists: 6
2019-11-16 16:23:31,345 - INFO - retrieving from file: WebSphere MessageBroker Basics.pdf
2019-11-16 16:51:04,750 - INFO -  --------- Initiating CLI ----------
2019-11-16 16:51:23,436 - INFO - criteria: 4.1.3 ESQL and the ESQL editor
2019-11-16 16:51:23,437 - DEBUG - performing search with criteria: 4.1.3 ESQL and the ESQL editor
2019-11-16 16:51:23,541 - DEBUG - results found: 6
2019-11-16 16:51:23,542 - INFO - hists: 6
2019-11-16 16:51:25,500 - INFO - retrieving from file: WebSphere MessageBroker Basics.pdf
2019-11-16 16:51:57,201 - INFO -  --------- Initiating CLI ----------
2019-11-16 16:51:59,724 - INFO - criteria: 4.1.3 ESQL and the ESQL editor
2019-11-16 16:51:59,725 - DEBUG - performing search with criteria: 4.1.3 ESQL and the ESQL editor
2019-11-16 16:51:59,791 - DEBUG - results found: 6
2019-11-16 16:51:59,793 - INFO - hists: 6
2019-11-16 16:52:01,165 - INFO - retrieving from file: WebSphere MessageBroker Basics.pdf
2019-11-16 16:53:16,300 - INFO -  --------- Initiating CLI ----------
2019-11-16 16:53:20,324 - INFO - criteria: 4.1.3 ESQL and the ESQL editor
2019-11-16 16:53:20,324 - DEBUG - performing search with criteria: 4.1.3 ESQL and the ESQL editor
2019-11-16 16:53:20,411 - DEBUG - results found: 6
2019-11-16 16:53:20,412 - INFO - hists: 6
2019-11-16 16:53:22,912 - INFO - retrieving from file: WebSphere MessageBroker Basics.pdf
2019-11-16 16:56:23,712 - INFO -  --------- Initiating CLI ----------
2019-11-16 16:56:25,967 - INFO - criteria: 4.1.3 ESQL and the ESQL editor
2019-11-16 16:56:25,967 - DEBUG - performing search with criteria: 4.1.3 ESQL and the ESQL editor
2019-11-16 16:56:26,042 - DEBUG - results found: 6
2019-11-16 16:56:26,043 - INFO - hists: 6
2019-11-16 16:56:27,375 - INFO - retrieving from file: WebSphere MessageBroker Basics.pdf
2019-11-16 16:57:25,256 - INFO -  --------- Initiating CLI ----------
2019-11-16 16:57:37,280 - INFO - criteria: 4.1.3 ESQL and the ESQL editor
2019-11-16 16:57:37,280 - DEBUG - performing search with criteria: 4.1.3 ESQL and the ESQL editor
2019-11-16 16:57:37,348 - DEBUG - results found: 6
2019-11-16 16:57:37,349 - INFO - hists: 6
2019-11-16 16:57:38,816 - INFO - retrieving from file: WebSphere MessageBroker Basics.pdf
2019-11-16 16:58:37,323 - INFO -  --------- Initiating CLI ----------
2019-11-16 16:58:39,556 - INFO - criteria: 4.1.3 ESQL and the ESQL editor
2019-11-16 16:58:39,556 - DEBUG - performing search with criteria: 4.1.3 ESQL and the ESQL editor
2019-11-16 16:58:39,671 - DEBUG - results found: 6
2019-11-16 16:58:39,672 - INFO - hists: 6
2019-11-16 16:58:41,330 - INFO - retrieving from file: WebSphere MessageBroker Basics.pdf
2019-11-16 17:02:45,499 - INFO -  --------- Initiating CLI ----------
2019-11-16 17:02:51,491 - INFO - criteria: 4.1.3 ESQL and the ESQL editor
2019-11-16 17:02:51,491 - DEBUG - performing search with criteria: 4.1.3 ESQL and the ESQL editor
2019-11-16 17:02:51,593 - DEBUG - results found: 6
2019-11-16 17:02:51,594 - INFO - hists: 6
2019-11-16 17:02:52,836 - INFO - retrieving from file: WebSphere MessageBroker Basics.pdf
2019-11-16 17:11:25,085 - INFO -  --------- Initiating CLI ----------
2019-11-16 17:11:34,504 - INFO - criteria: 4.1.3 ESQL and the ESQL editor
2019-11-16 17:11:34,505 - DEBUG - performing search with criteria: 4.1.3 ESQL and the ESQL editor
2019-11-16 17:11:34,612 - DEBUG - results found: 6
2019-11-16 17:11:34,613 - INFO - hists: 6
2019-11-16 17:11:36,185 - INFO - retrieving from file: WebSphere MessageBroker Basics.pdf
2019-11-16 17:11:55,969 - INFO -  --------- Initiating CLI ----------
2019-11-16 17:11:56,856 - INFO - criteria: 4.1.3 ESQL and the ESQL editor
2019-11-16 17:11:56,857 - DEBUG - performing search with criteria: 4.1.3 ESQL and the ESQL editor
2019-11-16 17:11:56,918 - DEBUG - results found: 6
2019-11-16 17:11:56,920 - INFO - hists: 6
2019-11-16 17:11:58,265 - INFO - retrieving from file: WebSphere MessageBroker Basics.pdf
2019-11-16 17:12:35,446 - INFO -  --------- Initiating CLI ----------
2019-11-16 17:12:36,793 - INFO - criteria: 4.1.3 ESQL and the ESQL editor
2019-11-16 17:12:36,793 - DEBUG - performing search with criteria: 4.1.3 ESQL and the ESQL editor
2019-11-16 17:12:36,854 - DEBUG - results found: 6
2019-11-16 17:12:36,855 - INFO - hists: 6
2019-11-16 17:12:38,601 - INFO - retrieving from file: WebSphere MessageBroker Basics.pdf
2019-11-16 17:14:07,832 - INFO -  --------- Initiating CLI ----------
2019-11-16 17:14:09,018 - INFO - criteria: 4.1.3 ESQL and the ESQL editor
2019-11-16 17:14:09,018 - DEBUG - performing search with criteria: 4.1.3 ESQL and the ESQL editor
2019-11-16 17:14:09,075 - DEBUG - results found: 6
2019-11-16 17:14:09,077 - INFO - hists: 6
2019-11-16 17:14:10,954 - INFO - retrieving from file: WebSphere MessageBroker Basics.pdf
2019-11-16 17:19:55,768 - INFO -  --------- Initiating CLI ----------
2019-11-16 17:19:58,327 - INFO - criteria: 4.1.3 ESQL and the ESQL editor
2019-11-16 17:19:58,329 - DEBUG - performing search with criteria: 4.1.3 ESQL and the ESQL editor
2019-11-16 17:19:58,552 - DEBUG - results found: 6
2019-11-16 17:19:58,554 - INFO - hists: 6
2019-11-16 17:20:03,876 - INFO - retrieving from file: WebSphere MessageBroker Basics.pdf
2019-11-16 17:21:05,571 - INFO -  --------- Initiating CLI ----------
2019-11-16 17:21:08,881 - INFO - criteria: 4.1.3 ESQL and the ESQL editor
2019-11-16 17:21:08,881 - DEBUG - performing search with criteria: 4.1.3 ESQL and the ESQL editor
2019-11-16 17:21:09,048 - DEBUG - results found: 6
2019-11-16 17:21:09,050 - INFO - hists: 6
2019-11-16 17:21:11,602 - INFO - retrieving from file: WebSphere MessageBroker Basics.pdf
2019-11-16 17:22:34,847 - INFO -  --------- Initiating CLI ----------
2019-11-16 17:22:37,025 - INFO - criteria: 4.1.3 ESQL and the ESQL editor
2019-11-16 17:22:37,026 - DEBUG - performing search with criteria: 4.1.3 ESQL and the ESQL editor
2019-11-16 17:22:37,107 - DEBUG - results found: 6
2019-11-16 17:22:37,108 - INFO - hists: 6
2019-11-16 17:22:40,497 - INFO - retrieving from file: WebSphere MessageBroker Basics.pdf
2019-11-16 17:24:56,302 - INFO -  --------- Initiating CLI ----------
2019-11-16 17:24:59,398 - INFO - criteria: 4.1.3 ESQL and the ESQL editor
2019-11-16 17:24:59,399 - DEBUG - performing search with criteria: 4.1.3 ESQL and the ESQL editor
2019-11-16 17:24:59,483 - DEBUG - results found: 6
2019-11-16 17:24:59,484 - INFO - hists: 6
2019-11-16 17:25:02,051 - INFO - retrieving from file: WebSphere MessageBroker Basics.pdf
2019-11-16 17:26:29,585 - INFO -  --------- Initiating CLI ----------
2019-11-16 17:26:39,298 - INFO - criteria: was
2019-11-16 17:26:39,298 - DEBUG - performing search with criteria: was
2019-11-16 17:26:39,414 - DEBUG - results found: 10
2019-11-16 17:26:39,415 - INFO - hists: 10
2019-11-16 17:26:50,770 - INFO - retrieving from file: aix tunning.pdf
2019-11-16 17:29:07,652 - INFO - criteria: pSeries Performance and Sizing, SG24-4810
2019-11-16 17:29:07,652 - DEBUG - performing search with criteria: pSeries Performance and Sizing, SG24-4810
2019-11-16 17:29:07,762 - DEBUG - results found: 2
2019-11-16 17:29:07,763 - INFO - hists: 2
2019-11-16 17:29:10,324 - INFO - retrieving from file: aix tunning.pdf
2019-11-16 17:29:15,299 - INFO - hists: 2
2019-11-16 17:29:15,875 - INFO - retrieving from file: aix tunning.pdf
2019-11-16 17:30:17,476 - INFO - criteria: caballero
2019-11-16 17:30:17,476 - DEBUG - performing search with criteria: caballero
2019-11-16 17:30:17,525 - DEBUG - results found: 6
2019-11-16 17:30:17,526 - INFO - hists: 6
2019-11-16 17:30:20,324 - INFO - retrieving from file: test.docx
2019-11-16 17:36:04,041 - INFO - criteria: revisar cuidadosamente la salida de cada comando
2019-11-16 17:36:04,043 - DEBUG - performing search with criteria: revisar cuidadosamente la salida de cada comando
2019-11-16 17:36:04,139 - DEBUG - results found: 0
2019-11-16 17:36:04,140 - INFO - hists: 0
2019-11-16 17:36:13,976 - INFO - criteria: revisar cuidadosamente
2019-11-16 17:36:13,976 - DEBUG - performing search with criteria: revisar cuidadosamente
2019-11-16 17:36:14,025 - DEBUG - results found: 0
2019-11-16 17:36:14,027 - INFO - hists: 0
2019-11-16 17:37:56,602 - INFO - ---------------------------------------------------
2019-11-16 17:37:56,603 - INFO - ----------- Starting indexing process      --------
2019-11-16 17:37:56,603 - INFO - -- files path: /home/mgazzola/Documents/instructivos
2019-11-16 17:37:56,603 - INFO - ----------------------------------------------------
2019-11-16 17:37:56,649 - INFO - Indexing file: MANUAL DE OPERACIONES WSRR v.1.docx
2019-11-16 17:37:56,731 - INFO - Indexing file: Microservices from Theory to practice - ibm cloud .pdf
2019-11-16 17:38:01,143 - INFO - Indexing file: Maximizing Java Performance on AIX- Part 5- References and Conclusion.pdf
2019-11-16 17:38:23,121 - INFO - Indexing file: Deployment Policies in WebSphere DataPower.pdf
2019-11-16 17:38:23,391 - INFO - Indexing file: HOJA DE DATOS_WSP_RIN_ARGS(1).docx
2019-11-16 17:38:23,408 - INFO - Indexing file: Maximizing Java performance on AIX- Part 2- The need for speed.pdf
2019-11-16 17:38:52,879 - INFO - Indexing file: Tips Aristi.txt
2019-11-16 17:38:52,976 - INFO - Indexing file: PTR_continuidad_banismo_v2.docx
2019-11-16 17:38:53,069 - INFO - Indexing file: IBM i overview and concepts.pdf
2019-11-16 17:38:53,809 - INFO - Indexing file: PTR_continuidad_banismo(1).docx
2019-11-16 17:38:53,880 - INFO - Indexing file: TIPS-BROKER-MQ.txt
2019-11-16 17:38:54,102 - INFO - Indexing file: Reinicio de Intermedia.docx
2019-11-16 17:38:54,129 - INFO - Indexing file: mq ssl.pdf
2019-11-16 17:38:56,759 - INFO - Indexing file: PTR_ACT - LDAP - Subir servicios WAS sbbanbld01v .docx
2019-11-16 17:38:58,672 - INFO - Indexing file: Java Keytool Commands.pdf
2019-11-16 17:38:58,730 - INFO - Indexing file: WebSphere MessageBroker Basics.pdf
2019-11-16 17:39:04,738 - INFO - Indexing file: Bibliotecas Compartidas.docx
2019-11-16 17:39:04,786 - INFO - Indexing file: Archivos_Configuracion_y_Log.docx
2019-11-16 17:39:04,817 - INFO - Indexing file: kmquserguide700.pdf
2019-11-16 17:39:14,746 - INFO - Indexing file: MANUAL_INSTALACION_REGISTRY75 .pdf
2019-11-16 17:39:15,222 - INFO - Indexing file: Diseño Areas Infraestructura SVP.docx
2019-11-16 17:39:15,325 - INFO - Indexing file: SAS ALM REINICIO SERVICIOS AML APP - PRODUCCION.txt
2019-11-16 17:39:15,413 - INFO - Indexing file: Pcto Creacion de variables en Datastage (en revisión).docx
2019-11-16 17:39:15,671 - INFO - Indexing file: INSTRUCTIVO PARA REINICIOS DE WPS.pdf
2019-11-16 17:39:15,807 - INFO - Indexing file: WebSphere MQ Primer.pdf
2019-11-16 17:39:17,687 - INFO - Indexing file: message broker basics v6.pdf
2019-11-16 17:39:23,575 - INFO - Indexing file: IBM i _WorkManagement.pdf
2019-11-16 17:39:28,632 - INFO - Indexing file: Datos ECM - Arquitectura PSeries.docx
2019-11-16 17:39:28,703 - INFO - Indexing file: IBM TransferSkills Presentation WAS8.5.pdf
2019-11-16 17:39:29,244 - INFO - Indexing file: Datos ECM - Arquitectura Windows.docx
2019-11-16 17:39:29,256 - INFO - Indexing file: INSTRUCTIVO PARA REINICIOS DE WBM.pdf
2019-11-16 17:39:29,386 - INFO - Indexing file: WSTE.2012.12.04.Travis.Holtzhauser.Top.Five.Performance.Topics.pdf
2019-11-16 17:39:30,092 - INFO - Indexing file: WebSphere_IO_Performance.pdf
2019-11-16 17:39:32,209 - INFO - Indexing file: INSTRUCTIVO PARA REVISION DE ERRORES EN WPS - WBM.pdf
2019-11-16 17:39:32,624 - INFO - Indexing file: Pasos Instalacion TLSv1-2 RSA.docx
2019-11-16 17:39:32,642 - INFO - Indexing file: EJECUCIÓN DE OC.pdf
2019-11-16 17:39:32,949 - INFO - Indexing file: MANUAL_DE_OPERACIONES.docx
2019-11-16 17:39:33,226 - INFO - Indexing file: broker.pdf
2019-11-16 17:39:38,900 - INFO - Indexing file: websphere mq primer.pdf
2019-11-16 17:39:40,884 - INFO - Indexing file: MQClusterBancolombia.pdf
2019-11-16 17:39:40,958 - INFO - Indexing file: S12606 Clustering.pdf
2019-11-16 17:39:55,340 - INFO - Indexing file: log file eliminado en active Error al subir el Gestor PCOLQMGRHIP01.pdf
2019-11-16 17:39:55,480 - INFO - Indexing file: Procedimiento Revisar Errores MQ y Broker.pdf
2019-11-16 17:39:55,874 - INFO - Indexing file: Configuración Activation specifications.docx
2019-11-16 17:39:55,916 - INFO - Indexing file: aix tunning.pdf
2019-11-16 17:40:10,360 - INFO - Indexing file: test.docx
2019-11-16 17:40:10,455 - INFO - Indexing file: test.txt
2019-11-16 17:40:11,183 - INFO - Indexing file: RH413-RHEL6 4-en-1-20130729.pdf.pdf
2019-11-16 17:40:23,889 - INFO - Indexing file: RH124-RHEL6 3-en-3-20121001.pdf.pdf
2019-11-16 17:40:38,494 - INFO - Indexing file: RH254-RHEL7-en-1-20140711.pdf
2019-11-16 17:40:52,995 - INFO - Indexing file: RH124-RHEL7-en-1-20140606.pdf
2019-11-16 17:41:07,481 - INFO - Indexing file: RH134-RHEL7-en-1-20140610.pdf
2019-11-16 17:41:19,722 - INFO - Indexing file: RH135-RHEL6 3-en-3-20121001.pdf.pdf
2019-11-16 17:41:30,657 - INFO - Indexing file: RH255-RHEL6 3-en-3-20121001.pdf.pdf
2019-11-16 17:41:41,587 - INFO - Indexing file: ManualAdministracion_PortalBanistmo_v1.0.pdf
2019-11-16 17:41:41,882 - INFO - Indexing file: ManualAdministracion_PortalBanistmo_v1.2.pdf
2019-11-16 17:41:42,199 - INFO - Indexing file: portal.txt
2019-11-16 17:41:51,868 - INFO - Indexing file: Reinicio Gestor.pdf
2019-11-16 17:41:52,024 - INFO - Indexing file: ConfigurarPutty_BeyondTrust.pdf
2019-11-16 17:41:52,049 - INFO - Indexing file: Instalacion_WinScp.docx
2019-11-16 17:41:52,088 - INFO - Indexing file: ConfigurarPutty.txt
2019-11-16 17:41:52,116 - INFO - Indexing file: Manual Usuario_PasswordSafe.pdf
2019-11-16 17:41:53,626 - INFO - Indexing file: perfiles.comandos.txt
2019-11-16 17:41:53,676 - INFO - Indexing file: PTR_switch_servicios.docx
2019-11-16 17:41:53,779 - INFO - Indexing file: was-Asegurar Consola WAS contra ambientesBC.pdf
2019-11-16 17:41:53,950 - INFO - Indexing file: liberty.profile.tips1314.pdf
2019-11-16 17:41:54,834 - INFO - Indexing file: WebSphere Application Server V8 - Security Concepts.pdf
2019-11-16 17:41:56,060 - INFO - Indexing file: pass.txt
2019-11-16 17:41:56,067 - INFO - Indexing file: Java Garbage Collection Tuning.pdf
2019-11-16 17:41:57,819 - INFO - Indexing file: was load balancer.pdf
2019-11-16 17:41:58,672 - INFO - Indexing file: Garbage collection in WebSphere Application Server part1.pdf
2019-11-16 17:41:58,948 - INFO - Indexing file: Manual_Menu_iSeries.docx
2019-11-16 17:41:59,052 - INFO - Indexing file: WSTEPluginLb3.pdf
2019-11-16 17:42:00,071 - INFO - Indexing file: liberty.profile.sg248170.pdf
2019-11-16 17:42:06,085 - INFO - Indexing file: WSTE_09_10_08_Paramkusham_Bhalodia.pdf
2019-11-16 17:42:06,702 - INFO - Indexing file: WAS_Performance_Cookbook.pdf
2019-11-16 17:42:30,882 - INFO - Indexing file: Actualizar_certificado_celda_WAS(1).pdf
2019-11-16 17:42:31,188 - INFO - Indexing file: IBM WebSphere ApplicationServer V8 Concepts,Planning, and Design Guide.pdf
2019-11-16 17:42:51,358 - INFO - Indexing file: WAS - TCP-IP Tutorial andTechnical Overview - gg243376.pdf
2019-11-16 17:43:12,675 - INFO - Indexing file: Actualizar_certificado_celda_WAS.docx
2019-11-16 17:43:12,754 - INFO - Indexing file: WAS8.5 Troubleshooting.pdf
2019-11-16 17:43:13,063 - INFO - Indexing file: wa8551-va8551xstud - Protected.pdf
2019-11-16 17:43:47,925 - INFO -  --------- Initiating CLI ----------
2019-11-16 17:44:08,333 - INFO - criteria: revisar cuidadosamente la salida
2019-11-16 17:44:08,333 - DEBUG - performing search with criteria: revisar cuidadosamente la salida
2019-11-16 17:44:08,441 - DEBUG - results found: 1
2019-11-16 17:44:08,443 - INFO - hists: 1
2019-11-16 17:44:12,109 - INFO - retrieving from file: Pcto Creacion de variables en Datastage (en revisión).docx
